<?xml version="1.0" encoding="UTF-8"?>
<!-- Generated by org.testng.reporters.JUnitReportReporter -->
<testsuite hostname="DESKTOP-QOFKB9B" failures="0" tests="1" name="Practice.TestClass" time="12.152" errors="0" timestamp="2023-12-08T12:35:36 IST" skipped="0">
  <testcase classname="Practice.TestClass" name="test1" time="12.152"/>
</testsuite> <!-- Practice.TestClass -->
