<?xml version="1.0" encoding="UTF-8"?>
<!-- Generated by org.testng.reporters.JUnitReportReporter -->
<testsuite hostname="DESKTOP-QOFKB9B" failures="0" tests="1" name="Practice.RunningParticularClassUsingCMDTest" time="4.761" errors="0" timestamp="2023-12-09T13:17:02 IST" skipped="0">
  <testcase classname="Practice.RunningParticularClassUsingCMDTest" name="accessDemoWebShopURLTest" time="4.761"/>
  <system-out/>
</testsuite> <!-- Practice.RunningParticularClassUsingCMDTest -->
