<?xml version="1.0" encoding="UTF-8"?>
<!-- Generated by org.testng.reporters.JUnitReportReporter -->
<testsuite hostname="DESKTOP-QOFKB9B" failures="0" tests="1" name="ThirdPractice.ReadingDataFromCMDTest" time="4.932" errors="0" timestamp="2023-12-09T13:18:52 IST" skipped="0">
  <testcase classname="ThirdPractice.ReadingDataFromCMDTest" name="passDataFromCMDTest" time="4.932"/>
  <system-out/>
</testsuite> <!-- ThirdPractice.ReadingDataFromCMDTest -->
