<?xml version="1.0" encoding="UTF-8"?>
<!-- Generated by org.testng.reporters.JUnitReportReporter -->
<testsuite hostname="DESKTOP-QOFKB9B" failures="0" tests="1" name="SecondPackage.RunningClassUsingCMDTest" time="7.608" errors="0" timestamp="2023-12-09T13:16:21 IST" skipped="0">
  <testcase classname="SecondPackage.RunningClassUsingCMDTest" name="googleURLTest" time="7.608"/>
  <system-out/>
</testsuite> <!-- SecondPackage.RunningClassUsingCMDTest -->
