<?xml version="1.0" encoding="UTF-8"?>
<!-- Generated by org.testng.reporters.JUnitReportReporter -->
<testsuite hostname="DESKTOP-QOFKB9B" failures="0" tests="1" name="Practice.RunningAllClassUsingCMDTest" time="5.334" errors="0" timestamp="2023-12-09T13:17:02 IST" skipped="0">
  <testcase classname="Practice.RunningAllClassUsingCMDTest" name="amazonURLTest" time="5.334"/>
  <system-out/>
</testsuite> <!-- Practice.RunningAllClassUsingCMDTest -->
